<?xml version="1.0" encoding="UTF-8"?>
<testng-results skipped="0" failed="0" total="1" passed="1">
  <reporter-output>
  </reporter-output>
  <suite name="Surefire suite" duration-ms="604" started-at="2020-01-07T03:26:09Z" finished-at="2020-01-07T03:26:10Z">
    <groups>
    </groups>
    <test name="Surefire test" duration-ms="604" started-at="2020-01-07T03:26:09Z" finished-at="2020-01-07T03:26:10Z">
      <class name="io.cex.test.framework.OKHttpClientManagerTest">
        <test-method status="PASS" signature="testHeader()[pri:0, instance:io.cex.test.framework.OKHttpClientManagerTest@314c508a]" name="testHeader" duration-ms="519" started-at="2020-01-07T11:26:09Z" finished-at="2020-01-07T11:26:10Z">
          <reporter-output>
          </reporter-output>
        </test-method> <!-- testHeader -->
      </class> <!-- io.cex.test.framework.OKHttpClientManagerTest -->
    </test> <!-- Surefire test -->
  </suite> <!-- Surefire suite -->
</testng-results>
